SF:lib/providers/medication_provider.dart
DA:4,2
DA:9,1
DA:10,4
DA:13,1
DA:14,4
DA:18,4
DA:19,2
LF:7
LH:7
end_of_record
SF:lib/main.dart
DA:6,0
DA:7,0
DA:11,1
DA:13,1
DA:15,1
DA:18,1
LF:6
LH:4
end_of_record
SF:lib/app_router.dart
DA:12,3
DA:14,1
DA:15,2
DA:17,1
DA:19,1
DA:22,2
DA:24,1
DA:26,0
DA:29,1
DA:31,1
DA:34,1
DA:36,1
DA:39,1
DA:41,0
DA:44,1
DA:46,1
LF:16
LH:14
end_of_record
SF:lib/screens/login_screen.dart
DA:6,1
DA:8,1
DA:9,1
DA:15,1
DA:17,1
DA:19,1
DA:20,1
DA:22,1
DA:24,1
DA:27,1
DA:28,1
DA:31,1
DA:33,1
DA:35,1
DA:45,1
DA:48,1
DA:49,1
DA:50,1
DA:52,1
DA:57,1
DA:58,1
DA:62,1
DA:63,0
DA:64,0
DA:65,0
DA:68,1
DA:69,1
DA:80,1
DA:83,1
DA:85,1
DA:86,1
DA:87,1
DA:89,1
DA:108,1
DA:111,1
DA:114,1
DA:115,1
DA:116,1
DA:118,1
DA:121,1
DA:122,1
LF:41
LH:38
end_of_record
SF:lib/screens/reset_password_screen.dart
DA:5,1
DA:7,1
DA:9,1
DA:11,1
DA:15,1
DA:18,1
DA:20,0
DA:21,0
DA:26,1
DA:27,1
DA:29,1
DA:30,1
DA:34,1
DA:36,1
DA:42,1
DA:44,1
DA:57,1
DA:60,1
DA:72,1
DA:75,1
DA:78,1
DA:79,0
DA:80,1
LF:23
LH:20
end_of_record
SF:lib/screens/home_screen.dart
DA:10,1
DA:14,1
DA:16,1
DA:18,1
DA:19,1
DA:20,1
DA:22,1
DA:24,1
DA:46,1
DA:48,1
DA:50,1
DA:51,1
DA:52,1
DA:54,1
DA:56,1
DA:80,1
DA:82,1
DA:85,1
DA:86,0
DA:87,1
DA:118,1
DA:120,1
DA:121,1
DA:124,0
DA:125,0
DA:127,0
DA:128,0
DA:134,1
DA:137,0
DA:138,0
DA:140,0
DA:141,0
DA:150,1
DA:152,1
DA:153,1
DA:156,0
DA:157,0
DA:161,1
DA:164,0
DA:165,0
DA:176,1
DA:179,0
DA:180,0
DA:181,0
DA:182,0
DA:183,0
DA:184,0
DA:185,0
DA:186,0
DA:187,0
DA:226,1
DA:233,1
DA:235,1
DA:236,1
DA:238,1
DA:239,1
DA:240,1
DA:243,2
DA:244,1
DA:246,1
DA:247,2
DA:249,1
DA:250,1
LF:63
LH:41
end_of_record
SF:lib/screens/appointments_screen.dart
DA:6,1
DA:10,0
DA:12,0
DA:14,0
DA:15,0
DA:17,0
DA:70,0
DA:73,0
DA:74,0
DA:75,0
DA:76,0
DA:77,0
DA:78,0
DA:79,0
DA:80,0
DA:81,0
DA:122,1
DA:130,0
DA:132,0
DA:134,0
DA:135,0
DA:139,0
DA:140,0
DA:141,0
DA:143,0
DA:145,0
DA:146,0
DA:147,0
DA:149,0
DA:150,0
DA:151,0
DA:158,0
DA:159,0
DA:166,0
DA:170,0
DA:172,0
DA:175,0
DA:177,0
DA:178,0
DA:181,0
DA:185,0
DA:186,0
LF:42
LH:2
end_of_record
SF:lib/screens/medications_screen.dart
DA:9,1
DA:13,1
DA:15,2
DA:17,1
DA:20,1
DA:21,1
DA:23,1
DA:25,1
DA:39,1
DA:42,1
DA:43,1
DA:50,1
DA:51,1
DA:53,1
DA:54,1
DA:55,2
DA:64,1
DA:82,1
DA:108,1
DA:110,1
DA:113,1
DA:134,1
DA:144,0
DA:145,0
DA:146,0
DA:147,0
DA:148,0
DA:149,0
DA:150,0
DA:151,0
DA:152,0
DA:190,1
DA:198,1
DA:200,1
DA:202,5
DA:203,1
DA:207,1
DA:209,2
DA:210,1
DA:212,1
DA:214,1
DA:215,1
DA:216,1
DA:217,1
DA:218,1
DA:225,1
DA:226,1
DA:237,2
DA:241,1
DA:242,1
DA:243,1
DA:244,2
DA:249,1
DA:250,2
DA:252,1
DA:254,1
DA:255,0
DA:257,0
DA:258,0
DA:260,1
DA:264,1
DA:265,1
DA:294,1
DA:302,1
DA:304,1
DA:306,5
DA:307,1
DA:311,1
DA:313,2
DA:314,1
DA:316,1
DA:318,1
DA:319,1
DA:320,1
DA:321,1
DA:322,1
DA:323,1
DA:326,1
DA:330,1
DA:331,1
DA:332,2
DA:339,1
DA:340,1
DA:341,2
DA:346,1
DA:347,1
DA:348,1
DA:349,1
DA:350,1
DA:351,2
DA:355,1
DA:362,1
DA:364,1
LF:93
LH:81
end_of_record
SF:lib/screens/messages_screen.dart
DA:6,1
DA:10,1
DA:12,1
DA:14,1
DA:15,1
DA:17,1
DA:19,1
DA:31,1
DA:32,1
DA:35,1
DA:37,1
DA:38,0
DA:39,0
DA:41,1
DA:45,1
DA:46,1
DA:85,1
DA:87,0
DA:88,0
DA:89,0
DA:90,0
DA:91,0
DA:92,0
DA:93,0
DA:94,0
DA:95,0
DA:137,1
DA:145,1
DA:147,1
DA:149,5
DA:150,1
DA:154,1
DA:155,1
DA:156,1
DA:158,1
DA:160,1
DA:161,1
DA:162,1
DA:168,1
DA:169,1
DA:175,2
DA:179,1
DA:180,1
DA:181,1
DA:182,2
DA:185,1
DA:186,2
DA:188,1
DA:190,1
DA:191,0
DA:194,1
DA:198,1
DA:199,1
LF:53
LH:41
end_of_record
SF:lib/screens/doctor_messaging.dart
DA:6,0
DA:8,0
DA:9,0
DA:17,0
DA:19,0
DA:20,0
DA:23,0
DA:24,0
DA:26,0
DA:30,0
DA:33,0
DA:35,0
DA:37,0
DA:38,0
DA:39,0
DA:40,0
DA:42,0
DA:43,0
DA:44,0
DA:47,0
DA:48,0
DA:49,0
DA:84,0
DA:85,0
DA:90,0
DA:91,0
DA:92,0
DA:94,0
DA:97,0
DA:99,0
DA:112,0
DA:114,0
DA:119,0
DA:125,0
DA:127,0
DA:147,0
DA:150,0
DA:151,0
DA:153,0
DA:154,0
DA:155,0
DA:158,0
DA:159,0
DA:167,0
DA:168,0
DA:171,0
DA:172,0
DA:184,0
DA:187,0
DA:188,0
LF:50
LH:0
end_of_record
SF:lib/screens/profile_screen.dart
DA:6,1
DA:11,1
DA:13,1
DA:16,1
DA:17,1
DA:19,1
DA:21,1
DA:75,1
DA:79,1
DA:81,0
DA:86,1
DA:88,0
DA:93,1
DA:95,0
DA:100,1
DA:103,1
DA:106,1
DA:107,0
DA:108,0
DA:110,1
DA:113,1
DA:114,1
DA:132,1
DA:141,0
DA:142,0
DA:143,0
DA:144,0
DA:145,0
DA:146,0
DA:147,0
DA:148,0
DA:149,0
DA:184,1
DA:186,1
DA:188,1
DA:189,3
DA:190,1
DA:192,1
DA:193,1
DA:194,1
DA:198,2
DA:209,1
DA:215,1
DA:217,1
DA:218,1
DA:220,1
DA:223,1
DA:224,1
DA:225,1
DA:228,1
DA:229,1
DA:234,1
DA:235,1
DA:236,1
DA:237,2
LF:55
LH:41
end_of_record
